# JRE version: OpenJDK Runtime Environment Temurin-21.0.9+10 (21.0.9+10) (build 21.0.9+10-LTS)
# Java VM: OpenJDK 64-Bit Server VM Temurin-21.0.9+10 (21.0.9+10-LTS, mixed mode, sharing, tiered, compressed oops, compressed class ptrs, parallel gc, windows-amd64)
GC Precious Log:
 CardTable entry size: 512
 CPUs: 12 total, 12 available
 Memory: 16087M
 Large Page Support: Disabled
 NUMA Support: Disabled
 Compressed Oops: Enabled (32-bit)
 Alignments: Space 512K, Generation 512K, Heap 2M
 Heap Min Capacity: 100M
 Heap Initial Capacity: 100M
 Heap Max Capacity: 2G
 Pre-touch: Disabled
 Parallel Workers: 10
Heap:
 PSYoungGen      total 6656K, used 578K [0x00000000d5580000, 0x00000000d5e80000, 0x0000000100000000)
  eden space 5120K, 11% used [0x00000000d5580000,0x00000000d5610a48,0x00000000d5a80000)
  from space 1536K, 0% used [0x00000000d5a80000,0x00000000d5a80000,0x00000000d5c00000)
  to   space 2048K, 0% used [0x00000000d5c80000,0x00000000d5c80000,0x00000000d5e80000)
 ParOldGen       total 425472K, used 182475K [0x0000000080000000, 0x0000000099f80000, 0x00000000d5580000)
  object space 425472K, 42% used [0x0000000080000000,0x000000008b232d38,0x0000000099f80000)
 Metaspace       used 58418K, committed 59904K, reserved 1114112K
  class space    used 6750K, committed 7424K, reserved 1048576K
GC Heap History (20 events):
Event: 41.540 GC heap before
{Heap before GC invocations=381 (full 2):
 PSYoungGen      total 3072K, used 2624K [0x00000000d5580000, 0x00000000d5980000, 0x0000000100000000)
  eden space 2048K, 100% used [0x00000000d5580000,0x00000000d5780000,0x00000000d5780000)
  from space 1024K, 56% used [0x00000000d5880000,0x00000000d5910000,0x00000000d5980000)
  to   space 1024K, 0% used [0x00000000d5780000,0x00000000d5780000,0x00000000d5880000)
 ParOldGen       total 409088K, used 408644K [0x0000000080000000, 0x0000000098f80000, 0x00000000d5580000)
  object space 409088K, 99% used [0x0000000080000000,0x0000000098f11060,0x0000000098f80000)
 Metaspace       used 57890K, committed 59328K, reserved 1114112K
  class space    used 6692K, committed 7360K, reserved 1048576K
}
Event: 41.542 GC heap after
{Heap after GC invocations=381 (full 2):
 PSYoungGen      total 3072K, used 864K [0x00000000d5580000, 0x00000000d5a00000, 0x0000000100000000)
  eden space 2048K, 0% used [0x00000000d5580000,0x00000000d5580000,0x00000000d5780000)
  from space 1024K, 84% used [0x00000000d5780000,0x00000000d5858000,0x00000000d5880000)
  to   space 1024K, 0% used [0x00000000d5900000,0x00000000d5900000,0x00000000d5a00000)
 ParOldGen       total 409600K, used 409172K [0x0000000080000000, 0x0000000099000000, 0x00000000d5580000)
  object space 409600K, 99% used [0x0000000080000000,0x0000000098f95060,0x0000000099000000)
 Metaspace       used 57890K, committed 59328K, reserved 1114112K
  class space    used 6692K, committed 7360K, reserved 1048576K
}
Event: 41.548 GC heap before
{Heap before GC invocations=382 (full 2):
 PSYoungGen      total 3072K, used 2908K [0x00000000d5580000, 0x00000000d5a00000, 0x0000000100000000)
  eden space 2048K, 99% used [0x00000000d5580000,0x00000000d577f250,0x00000000d5780000)
  from space 1024K, 84% used [0x00000000d5780000,0x00000000d5858000,0x00000000d5880000)
  to   space 1024K, 0% used [0x00000000d5900000,0x00000000d5900000,0x00000000d5a00000)
 ParOldGen       total 409600K, used 409172K [0x0000000080000000, 0x0000000099000000, 0x00000000d5580000)
  object space 409600K, 99% used [0x0000000080000000,0x0000000098f95060,0x0000000099000000)
 Metaspace       used 57893K, committed 59328K, reserved 1114112K
  class space    used 6693K, committed 7360K, reserved 1048576K
}
Event: 41.550 GC heap after
{Heap after GC invocations=382 (full 2):
 PSYoungGen      total 3584K, used 864K [0x00000000d5580000, 0x00000000d5a00000, 0x0000000100000000)
  eden space 2560K, 0% used [0x00000000d5580000,0x00000000d5580000,0x00000000d5800000)
  from space 1024K, 84% used [0x00000000d5900000,0x00000000d59d8000,0x00000000d5a00000)
  to   space 1024K, 0% used [0x00000000d5800000,0x00000000d5800000,0x00000000d5900000)
 ParOldGen       total 410112K, used 409892K [0x0000000080000000, 0x0000000099080000, 0x00000000d5580000)
  object space 410112K, 99% used [0x0000000080000000,0x0000000099049060,0x0000000099080000)
 Metaspace       used 57893K, committed 59328K, reserved 1114112K
  class space    used 6693K, committed 7360K, reserved 1048576K
}
Event: 41.562 GC heap before
{Heap before GC invocations=383 (full 2):
 PSYoungGen      total 3584K, used 3424K [0x00000000d5580000, 0x00000000d5a00000, 0x0000000100000000)
  eden space 2560K, 100% used [0x00000000d5580000,0x00000000d5800000,0x00000000d5800000)
  from space 1024K, 84% used [0x00000000d5900000,0x00000000d59d8000,0x00000000d5a00000)
  to   space 1024K, 0% used [0x00000000d5800000,0x00000000d5800000,0x00000000d5900000)
 ParOldGen       total 410112K, used 409892K [0x0000000080000000, 0x0000000099080000, 0x00000000d5580000)
  object space 410112K, 99% used [0x0000000080000000,0x0000000099049060,0x0000000099080000)
 Metaspace       used 57894K, committed 59328K, reserved 1114112K
  class space    used 6693K, committed 7360K, reserved 1048576K
}
Event: 41.565 GC heap after
{Heap after GC invocations=383 (full 2):
 PSYoungGen      total 3584K, used 1009K [0x00000000d5580000, 0x00000000d6080000, 0x0000000100000000)
  eden space 2560K, 0% used [0x00000000d5580000,0x00000000d5580000,0x00000000d5800000)
  from space 1024K, 98% used [0x00000000d5800000,0x00000000d58fc440,0x00000000d5900000)
  to   space 4096K, 0% used [0x00000000d5c80000,0x00000000d5c80000,0x00000000d6080000)
 ParOldGen       total 412160K, used 412140K [0x0000000080000000, 0x0000000099280000, 0x00000000d5580000)
  object space 412160K, 99% used [0x0000000080000000,0x000000009927b060,0x0000000099280000)
 Metaspace       used 57894K, committed 59328K, reserved 1114112K
  class space    used 6693K, committed 7360K, reserved 1048576K
}
Event: 41.576 GC heap before
{Heap before GC invocations=384 (full 2):
 PSYoungGen      total 3584K, used 3569K [0x00000000d5580000, 0x00000000d6080000, 0x0000000100000000)
  eden space 2560K, 100% used [0x00000000d5580000,0x00000000d5800000,0x00000000d5800000)
  from space 1024K, 98% used [0x00000000d5800000,0x00000000d58fc440,0x00000000d5900000)
  to   space 4096K, 0% used [0x00000000d5c80000,0x00000000d5c80000,0x00000000d6080000)
 ParOldGen       total 412160K, used 412140K [0x0000000080000000, 0x0000000099280000, 0x00000000d5580000)
  object space 412160K, 99% used [0x0000000080000000,0x000000009927b060,0x0000000099280000)
 Metaspace       used 57899K, committed 59328K, reserved 1114112K
  class space    used 6693K, committed 7360K, reserved 1048576K
}
Event: 41.580 GC heap after
{Heap after GC invocations=384 (full 2):
 PSYoungGen      total 6144K, used 2656K [0x00000000d5580000, 0x00000000d5f80000, 0x0000000100000000)
  eden space 3072K, 0% used [0x00000000d5580000,0x00000000d5580000,0x00000000d5880000)
  from space 3072K, 86% used [0x00000000d5c80000,0x00000000d5f18000,0x00000000d5f80000)
  to   space 3072K, 0% used [0x00000000d5980000,0x00000000d5980000,0x00000000d5c80000)
 ParOldGen       total 413184K, used 413181K [0x0000000080000000, 0x0000000099380000, 0x00000000d5580000)
  object space 413184K, 99% used [0x0000000080000000,0x000000009937f4a0,0x0000000099380000)
 Metaspace       used 57899K, committed 59328K, reserved 1114112K
  class space    used 6693K, committed 7360K, reserved 1048576K
}
Event: 41.598 GC heap before
{Heap before GC invocations=385 (full 2):
 PSYoungGen      total 6144K, used 5728K [0x00000000d5580000, 0x00000000d5f80000, 0x0000000100000000)
  eden space 3072K, 100% used [0x00000000d5580000,0x00000000d5880000,0x00000000d5880000)
  from space 3072K, 86% used [0x00000000d5c80000,0x00000000d5f18000,0x00000000d5f80000)
  to   space 3072K, 0% used [0x00000000d5980000,0x00000000d5980000,0x00000000d5c80000)
 ParOldGen       total 413184K, used 413181K [0x0000000080000000, 0x0000000099380000, 0x00000000d5580000)
  object space 413184K, 99% used [0x0000000080000000,0x000000009937f4a0,0x0000000099380000)
 Metaspace       used 57906K, committed 59328K, reserved 1114112K
  class space    used 6693K, committed 7360K, reserved 1048576K
}
Event: 41.604 GC heap after
{Heap after GC invocations=385 (full 2):
 PSYoungGen      total 7168K, used 3064K [0x00000000d5580000, 0x00000000d6680000, 0x0000000100000000)
  eden space 4096K, 0% used [0x00000000d5580000,0x00000000d5580000,0x00000000d5980000)
  from space 3072K, 99% used [0x00000000d5980000,0x00000000d5c7e000,0x00000000d5c80000)
  to   space 6656K, 0% used [0x00000000d6000000,0x00000000d6000000,0x00000000d6680000)
 ParOldGen       total 416256K, used 415829K [0x0000000080000000, 0x0000000099680000, 0x00000000d5580000)
  object space 416256K, 99% used [0x0000000080000000,0x00000000996154a0,0x0000000099680000)
 Metaspace       used 57906K, committed 59328K, reserved 1114112K
  class space    used 6693K, committed 7360K, reserved 1048576K
}
Event: 41.624 GC heap before
{Heap before GC invocations=386 (full 2):
 PSYoungGen      total 7168K, used 7160K [0x00000000d5580000, 0x00000000d6680000, 0x0000000100000000)
  eden space 4096K, 100% used [0x00000000d5580000,0x00000000d5980000,0x00000000d5980000)
  from space 3072K, 99% used [0x00000000d5980000,0x00000000d5c7e000,0x00000000d5c80000)
  to   space 6656K, 0% used [0x00000000d6000000,0x00000000d6000000,0x00000000d6680000)
 ParOldGen       total 416256K, used 415829K [0x0000000080000000, 0x0000000099680000, 0x00000000d5580000)
  object space 416256K, 99% used [0x0000000080000000,0x00000000996154a0,0x0000000099680000)
 Metaspace       used 57906K, committed 59328K, reserved 1114112K
  class space    used 6693K, committed 7360K, reserved 1048576K
}
Event: 41.628 GC heap after
{Heap after GC invocations=386 (full 2):
 PSYoungGen      total 9216K, used 3982K [0x00000000d5580000, 0x00000000d6400000, 0x0000000100000000)
  eden space 5120K, 0% used [0x00000000d5580000,0x00000000d5580000,0x00000000d5a80000)
  from space 4096K, 97% used [0x00000000d6000000,0x00000000d63e3bb0,0x00000000d6400000)
  to   space 4608K, 0% used [0x00000000d5b00000,0x00000000d5b00000,0x00000000d5f80000)
 ParOldGen       total 417280K, used 416892K [0x0000000080000000, 0x0000000099780000, 0x00000000d5580000)
  object space 417280K, 99% used [0x0000000080000000,0x000000009971f1e0,0x0000000099780000)
 Metaspace       used 57906K, committed 59328K, reserved 1114112K
  class space    used 6693K, committed 7360K, reserved 1048576K
}
Event: 41.683 GC heap before
{Heap before GC invocations=387 (full 2):
 PSYoungGen      total 9216K, used 9102K [0x00000000d5580000, 0x00000000d6400000, 0x0000000100000000)
  eden space 5120K, 99% used [0x00000000d5580000,0x00000000d5a7ffe8,0x00000000d5a80000)
  from space 4096K, 97% used [0x00000000d6000000,0x00000000d63e3bb0,0x00000000d6400000)
  to   space 4608K, 0% used [0x00000000d5b00000,0x00000000d5b00000,0x00000000d5f80000)
 ParOldGen       total 417280K, used 416892K [0x0000000080000000, 0x0000000099780000, 0x00000000d5580000)
  object space 417280K, 99% used [0x0000000080000000,0x000000009971f1e0,0x0000000099780000)
 Metaspace       used 57963K, committed 59328K, reserved 1114112K
  class space    used 6701K, committed 7360K, reserved 1048576K
}
Event: 41.689 GC heap after
{Heap after GC invocations=387 (full 2):
 PSYoungGen      total 7680K, used 2223K [0x00000000d5580000, 0x00000000d6080000, 0x0000000100000000)
  eden space 5120K, 0% used [0x00000000d5580000,0x00000000d5580000,0x00000000d5a80000)
  from space 2560K, 86% used [0x00000000d5b00000,0x00000000d5d2bf20,0x00000000d5d80000)
  to   space 3072K, 0% used [0x00000000d5d80000,0x00000000d5d80000,0x00000000d6080000)
 ParOldGen       total 420864K, used 420493K [0x0000000080000000, 0x0000000099b00000, 0x00000000d5580000)
  object space 420864K, 99% used [0x0000000080000000,0x0000000099aa35b0,0x0000000099b00000)
 Metaspace       used 57963K, committed 59328K, reserved 1114112K
  class space    used 6701K, committed 7360K, reserved 1048576K
}
Event: 41.726 GC heap before
{Heap before GC invocations=388 (full 2):
 PSYoungGen      total 7680K, used 7343K [0x00000000d5580000, 0x00000000d6080000, 0x0000000100000000)
  eden space 5120K, 100% used [0x00000000d5580000,0x00000000d5a80000,0x00000000d5a80000)
  from space 2560K, 86% used [0x00000000d5b00000,0x00000000d5d2bf20,0x00000000d5d80000)
  to   space 3072K, 0% used [0x00000000d5d80000,0x00000000d5d80000,0x00000000d6080000)
 ParOldGen       total 420864K, used 420493K [0x0000000080000000, 0x0000000099b00000, 0x00000000d5580000)
  object space 420864K, 99% used [0x0000000080000000,0x0000000099aa35b0,0x0000000099b00000)
 Metaspace       used 58286K, committed 59712K, reserved 1114112K
  class space    used 6738K, committed 7424K, reserved 1048576K
}
Event: 41.730 GC heap after
{Heap after GC invocations=388 (full 2):
 PSYoungGen      total 8192K, used 2753K [0x00000000d5580000, 0x00000000d6080000, 0x0000000100000000)
  eden space 5120K, 0% used [0x00000000d5580000,0x00000000d5580000,0x00000000d5a80000)
  from space 3072K, 89% used [0x00000000d5d80000,0x00000000d6030620,0x00000000d6080000)
  to   space 3072K, 0% used [0x00000000d5a80000,0x00000000d5a80000,0x00000000d5d80000)
 ParOldGen       total 422912K, used 422566K [0x0000000080000000, 0x0000000099d00000, 0x00000000d5580000)
  object space 422912K, 99% used [0x0000000080000000,0x0000000099ca9950,0x0000000099d00000)
 Metaspace       used 58286K, committed 59712K, reserved 1114112K
  class space    used 6738K, committed 7424K, reserved 1048576K
}
Event: 41.745 GC heap before
{Heap before GC invocations=389 (full 2):
 PSYoungGen      total 8192K, used 4950K [0x00000000d5580000, 0x00000000d6080000, 0x0000000100000000)
  eden space 5120K, 42% used [0x00000000d5580000,0x00000000d57a5248,0x00000000d5a80000)
  from space 3072K, 89% used [0x00000000d5d80000,0x00000000d6030620,0x00000000d6080000)
  to   space 3072K, 0% used [0x00000000d5a80000,0x00000000d5a80000,0x00000000d5d80000)
 ParOldGen       total 422912K, used 422566K [0x0000000080000000, 0x0000000099d00000, 0x00000000d5580000)
  object space 422912K, 99% used [0x0000000080000000,0x0000000099ca9950,0x0000000099d00000)
 Metaspace       used 58405K, committed 59776K, reserved 1114112K
  class space    used 6750K, committed 7424K, reserved 1048576K
}
Event: 41.748 GC heap after
{Heap after GC invocations=389 (full 2):
 PSYoungGen      total 6656K, used 1184K [0x00000000d5580000, 0x00000000d5e80000, 0x0000000100000000)
  eden space 5120K, 0% used [0x00000000d5580000,0x00000000d5580000,0x00000000d5a80000)
  from space 1536K, 77% used [0x00000000d5a80000,0x00000000d5ba8020,0x00000000d5c00000)
  to   space 2048K, 0% used [0x00000000d5c80000,0x00000000d5c80000,0x00000000d5e80000)
 ParOldGen       total 425472K, used 425267K [0x0000000080000000, 0x0000000099f80000, 0x00000000d5580000)
  object space 425472K, 99% used [0x0000000080000000,0x0000000099f4cde8,0x0000000099f80000)
 Metaspace       used 58405K, committed 59776K, reserved 1114112K
  class space    used 6750K, committed 7424K, reserved 1048576K
}
Event: 41.748 GC heap before
{Heap before GC invocations=390 (full 3):
 PSYoungGen      total 6656K, used 1184K [0x00000000d5580000, 0x00000000d5e80000, 0x0000000100000000)
  eden space 5120K, 0% used [0x00000000d5580000,0x00000000d5580000,0x00000000d5a80000)
  from space 1536K, 77% used [0x00000000d5a80000,0x00000000d5ba8020,0x00000000d5c00000)
  to   space 2048K, 0% used [0x00000000d5c80000,0x00000000d5c80000,0x00000000d5e80000)
 ParOldGen       total 425472K, used 425267K [0x0000000080000000, 0x0000000099f80000, 0x00000000d5580000)
  object space 425472K, 99% used [0x0000000080000000,0x0000000099f4cde8,0x0000000099f80000)
 Metaspace       used 58405K, committed 59776K, reserved 1114112K
  class space    used 6750K, committed 7424K, reserved 1048576K
}
Event: 41.848 GC heap after
{Heap after GC invocations=390 (full 3):
 PSYoungGen      total 6656K, used 0K [0x00000000d5580000, 0x00000000d5e80000, 0x0000000100000000)
  eden space 5120K, 0% used [0x00000000d5580000,0x00000000d5580000,0x00000000d5a80000)
  from space 1536K, 0% used [0x00000000d5a80000,0x00000000d5a80000,0x00000000d5c00000)
  to   space 2048K, 0% used [0x00000000d5c80000,0x00000000d5c80000,0x00000000d5e80000)
 ParOldGen       total 425472K, used 182475K [0x0000000080000000, 0x0000000099f80000, 0x00000000d5580000)
  object space 425472K, 42% used [0x0000000080000000,0x000000008b232d38,0x0000000099f80000)
 Metaspace       used 58405K, committed 59776K, reserved 1114112K
  class space    used 6750K, committed 7424K, reserved 1048576K
}

