# JRE version: OpenJDK Runtime Environment Temurin-17.0.14+7 (17.0.14+7) (build 17.0.14+7)
# Java VM: OpenJDK 64-Bit Server VM Temurin-17.0.14+7 (17.0.14+7, mixed mode, sharing, tiered, compressed oops, compressed class ptrs, g1 gc, windows-amd64)
GC Precious Log:
 CPUs: 12 total, 12 available
 Memory: 16087M
 Large Page Support: Disabled
 NUMA Support: Disabled
 Compressed Oops: Enabled (Zero based)
 Heap Region Size: 4M
 Heap Min Capacity: 8M
 Heap Initial Capacity: 252M
 Heap Max Capacity: 8G
 Pre-touch: Disabled
 Parallel Workers: 10
 Concurrent Workers: 3
 Concurrent Refinement Workers: 10
 Periodic GC: Disabled
Heap:
 garbage-first heap   total 1114112K, used 932515K [0x0000000600000000, 0x0000000800000000)
  region size 4096K, 4 young (16384K), 2 survivors (8192K)
 Metaspace       used 200594K, committed 203200K, reserved 1245184K
  class space    used 26118K, committed 27392K, reserved 1048576K
GC Heap History (20 events):
Event: 2057.599 GC heap before
{Heap before GC invocations=129 (full 0):
 garbage-first heap   total 1114112K, used 991584K [0x0000000600000000, 0x0000000800000000)
  region size 4096K, 13 young (53248K), 2 survivors (8192K)
 Metaspace       used 200196K, committed 202688K, reserved 1245184K
  class space    used 26099K, committed 27328K, reserved 1048576K
}
Event: 2057.604 GC heap after
{Heap after GC invocations=130 (full 0):
 garbage-first heap   total 1114112K, used 950333K [0x0000000600000000, 0x0000000800000000)
  region size 4096K, 2 young (8192K), 2 survivors (8192K)
 Metaspace       used 200196K, committed 202688K, reserved 1245184K
  class space    used 26099K, committed 27328K, reserved 1048576K
}
Event: 2058.161 GC heap before
{Heap before GC invocations=130 (full 0):
 garbage-first heap   total 1114112K, used 995389K [0x0000000600000000, 0x0000000800000000)
  region size 4096K, 13 young (53248K), 2 survivors (8192K)
 Metaspace       used 200204K, committed 202688K, reserved 1245184K
  class space    used 26099K, committed 27328K, reserved 1048576K
}
Event: 2058.170 GC heap after
{Heap after GC invocations=131 (full 0):
 garbage-first heap   total 1114112K, used 955822K [0x0000000600000000, 0x0000000800000000)
  region size 4096K, 2 young (8192K), 2 survivors (8192K)
 Metaspace       used 200204K, committed 202688K, reserved 1245184K
  class space    used 26099K, committed 27328K, reserved 1048576K
}
Event: 2058.680 GC heap before
{Heap before GC invocations=131 (full 0):
 garbage-first heap   total 1114112K, used 996782K [0x0000000600000000, 0x0000000800000000)
  region size 4096K, 13 young (53248K), 2 survivors (8192K)
 Metaspace       used 200247K, committed 202752K, reserved 1245184K
  class space    used 26099K, committed 27328K, reserved 1048576K
}
Event: 2058.686 GC heap after
{Heap after GC invocations=132 (full 0):
 garbage-first heap   total 1114112K, used 959367K [0x0000000600000000, 0x0000000800000000)
  region size 4096K, 1 young (4096K), 1 survivors (4096K)
 Metaspace       used 200247K, committed 202752K, reserved 1245184K
  class space    used 26099K, committed 27328K, reserved 1048576K
}
Event: 2059.163 GC heap before
{Heap before GC invocations=132 (full 0):
 garbage-first heap   total 1114112K, used 1008519K [0x0000000600000000, 0x0000000800000000)
  region size 4096K, 13 young (53248K), 1 survivors (4096K)
 Metaspace       used 200412K, committed 202880K, reserved 1245184K
  class space    used 26120K, committed 27328K, reserved 1048576K
}
Event: 2059.171 GC heap after
{Heap after GC invocations=133 (full 0):
 garbage-first heap   total 1114112K, used 967441K [0x0000000600000000, 0x0000000800000000)
  region size 4096K, 2 young (8192K), 2 survivors (8192K)
 Metaspace       used 200412K, committed 202880K, reserved 1245184K
  class space    used 26120K, committed 27328K, reserved 1048576K
}
Event: 2059.664 GC heap before
{Heap before GC invocations=133 (full 0):
 garbage-first heap   total 1114112K, used 1012497K [0x0000000600000000, 0x0000000800000000)
  region size 4096K, 13 young (53248K), 2 survivors (8192K)
 Metaspace       used 200476K, committed 202944K, reserved 1245184K
  class space    used 26122K, committed 27328K, reserved 1048576K
}
Event: 2059.675 GC heap after
{Heap after GC invocations=134 (full 0):
 garbage-first heap   total 1114112K, used 978464K [0x0000000600000000, 0x0000000800000000)
  region size 4096K, 2 young (8192K), 2 survivors (8192K)
 Metaspace       used 200476K, committed 202944K, reserved 1245184K
  class space    used 26122K, committed 27328K, reserved 1048576K
}
Event: 2060.135 GC heap before
{Heap before GC invocations=134 (full 0):
 garbage-first heap   total 1114112K, used 1023520K [0x0000000600000000, 0x0000000800000000)
  region size 4096K, 13 young (53248K), 2 survivors (8192K)
 Metaspace       used 200511K, committed 203008K, reserved 1245184K
  class space    used 26124K, committed 27328K, reserved 1048576K
}
Event: 2060.143 GC heap after
{Heap after GC invocations=135 (full 0):
 garbage-first heap   total 1114112K, used 989943K [0x0000000600000000, 0x0000000800000000)
  region size 4096K, 2 young (8192K), 2 survivors (8192K)
 Metaspace       used 200511K, committed 203008K, reserved 1245184K
  class space    used 26124K, committed 27328K, reserved 1048576K
}
Event: 2060.828 GC heap before
{Heap before GC invocations=135 (full 0):
 garbage-first heap   total 1114112K, used 1034999K [0x0000000600000000, 0x0000000800000000)
  region size 4096K, 13 young (53248K), 2 survivors (8192K)
 Metaspace       used 200530K, committed 203008K, reserved 1245184K
  class space    used 26124K, committed 27328K, reserved 1048576K
}
Event: 2060.835 GC heap after
{Heap after GC invocations=136 (full 0):
 garbage-first heap   total 1114112K, used 998989K [0x0000000600000000, 0x0000000800000000)
  region size 4096K, 2 young (8192K), 2 survivors (8192K)
 Metaspace       used 200530K, committed 203008K, reserved 1245184K
  class space    used 26124K, committed 27328K, reserved 1048576K
}
Event: 2061.668 GC heap before
{Heap before GC invocations=136 (full 0):
 garbage-first heap   total 1114112K, used 1044045K [0x0000000600000000, 0x0000000800000000)
  region size 4096K, 13 young (53248K), 2 survivors (8192K)
 Metaspace       used 200561K, committed 203008K, reserved 1245184K
  class space    used 26126K, committed 27328K, reserved 1048576K
}
Event: 2061.700 GC heap after
{Heap after GC invocations=137 (full 0):
 garbage-first heap   total 1114112K, used 1001552K [0x0000000600000000, 0x0000000800000000)
  region size 4096K, 1 young (4096K), 1 survivors (4096K)
 Metaspace       used 200561K, committed 203008K, reserved 1245184K
  class space    used 26126K, committed 27328K, reserved 1048576K
}
Event: 2062.918 GC heap before
{Heap before GC invocations=137 (full 0):
 garbage-first heap   total 1114112K, used 1050704K [0x0000000600000000, 0x0000000800000000)
  region size 4096K, 13 young (53248K), 1 survivors (4096K)
 Metaspace       used 200644K, committed 203200K, reserved 1245184K
  class space    used 26138K, committed 27392K, reserved 1048576K
}
Event: 2062.935 GC heap after
{Heap after GC invocations=138 (full 0):
 garbage-first heap   total 1114112K, used 1004709K [0x0000000600000000, 0x0000000800000000)
  region size 4096K, 2 young (8192K), 2 survivors (8192K)
 Metaspace       used 200644K, committed 203200K, reserved 1245184K
  class space    used 26138K, committed 27392K, reserved 1048576K
}
Event: 2063.198 GC heap before
{Heap before GC invocations=138 (full 0):
 garbage-first heap   total 1114112K, used 1049765K [0x0000000600000000, 0x0000000800000000)
  region size 4096K, 13 young (53248K), 2 survivors (8192K)
 Metaspace       used 200652K, committed 203200K, reserved 1245184K
  class space    used 26138K, committed 27392K, reserved 1048576K
}
Event: 2063.211 GC heap after
{Heap after GC invocations=139 (full 0):
 garbage-first heap   total 1114112K, used 1006243K [0x0000000600000000, 0x0000000800000000)
  region size 4096K, 2 young (8192K), 2 survivors (8192K)
 Metaspace       used 200652K, committed 203200K, reserved 1245184K
  class space    used 26138K, committed 27392K, reserved 1048576K
}

