# JRE version: OpenJDK Runtime Environment Temurin-21.0.9+10 (21.0.9+10) (build 21.0.9+10-LTS)
# Java VM: OpenJDK 64-Bit Server VM Temurin-21.0.9+10 (21.0.9+10-LTS, mixed mode, sharing, tiered, compressed oops, compressed class ptrs, parallel gc, windows-amd64)
GC Precious Log:
 CardTable entry size: 512
 CPUs: 12 total, 12 available
 Memory: 16087M
 Large Page Support: Disabled
 NUMA Support: Disabled
 Compressed Oops: Enabled (32-bit)
 Alignments: Space 512K, Generation 512K, Heap 2M
 Heap Min Capacity: 100M
 Heap Initial Capacity: 100M
 Heap Max Capacity: 2G
 Pre-touch: Disabled
 Parallel Workers: 10
Heap:
 PSYoungGen      total 9216K, used 8357K [0x00000000d5580000, 0x00000000d6280000, 0x0000000100000000)
  eden space 8704K, 94% used [0x00000000d5580000,0x00000000d5d81628,0x00000000d5e00000)
  from space 512K, 31% used [0x00000000d6180000,0x00000000d61a8000,0x00000000d6200000)
  to   space 512K, 0% used [0x00000000d6200000,0x00000000d6200000,0x00000000d6280000)
 ParOldGen       total 346112K, used 345950K [0x0000000080000000, 0x0000000095200000, 0x00000000d5580000)
  object space 346112K, 99% used [0x0000000080000000,0x00000000951d7970,0x0000000095200000)
 Metaspace       used 115779K, committed 117952K, reserved 1179648K
  class space    used 15019K, committed 16064K, reserved 1048576K
GC Heap History (20 events):
Event: 1557.947 GC heap before
{Heap before GC invocations=5161 (full 5):
 PSYoungGen      total 11264K, used 9760K [0x00000000d5580000, 0x00000000d6580000, 0x0000000100000000)
  eden space 5632K, 100% used [0x00000000d5580000,0x00000000d5b00000,0x00000000d5b00000)
  from space 5632K, 73% used [0x00000000d5b00000,0x00000000d5f08000,0x00000000d6080000)
  to   space 4608K, 0% used [0x00000000d6100000,0x00000000d6100000,0x00000000d6580000)
 ParOldGen       total 332800K, used 331286K [0x0000000080000000, 0x0000000094500000, 0x00000000d5580000)
  object space 332800K, 99% used [0x0000000080000000,0x00000000943859a8,0x0000000094500000)
 Metaspace       used 114635K, committed 116864K, reserved 1179648K
  class space    used 14888K, committed 15936K, reserved 1048576K
}
Event: 1557.955 GC heap after
{Heap after GC invocations=5161 (full 5):
 PSYoungGen      total 11776K, used 4192K [0x00000000d5580000, 0x00000000d6580000, 0x0000000100000000)
  eden space 7168K, 0% used [0x00000000d5580000,0x00000000d5580000,0x00000000d5c80000)
  from space 4608K, 90% used [0x00000000d6100000,0x00000000d6518000,0x00000000d6580000)
  to   space 4608K, 0% used [0x00000000d5c80000,0x00000000d5c80000,0x00000000d6100000)
 ParOldGen       total 335360K, used 335334K [0x0000000080000000, 0x0000000094780000, 0x00000000d5580000)
  object space 335360K, 99% used [0x0000000080000000,0x00000000947799a8,0x0000000094780000)
 Metaspace       used 114635K, committed 116864K, reserved 1179648K
  class space    used 14888K, committed 15936K, reserved 1048576K
}
Event: 1557.998 GC heap before
{Heap before GC invocations=5162 (full 5):
 PSYoungGen      total 11776K, used 11359K [0x00000000d5580000, 0x00000000d6580000, 0x0000000100000000)
  eden space 7168K, 99% used [0x00000000d5580000,0x00000000d5c7fd48,0x00000000d5c80000)
  from space 4608K, 90% used [0x00000000d6100000,0x00000000d6518000,0x00000000d6580000)
  to   space 4608K, 0% used [0x00000000d5c80000,0x00000000d5c80000,0x00000000d6100000)
 ParOldGen       total 335360K, used 335334K [0x0000000080000000, 0x0000000094780000, 0x00000000d5580000)
  object space 335360K, 99% used [0x0000000080000000,0x00000000947799a8,0x0000000094780000)
 Metaspace       used 114635K, committed 116864K, reserved 1179648K
  class space    used 14888K, committed 15936K, reserved 1048576K
}
Event: 1558.003 GC heap after
{Heap after GC invocations=5162 (full 5):
 PSYoungGen      total 11776K, used 2480K [0x00000000d5580000, 0x00000000d6500000, 0x0000000100000000)
  eden space 7168K, 0% used [0x00000000d5580000,0x00000000d5580000,0x00000000d5c80000)
  from space 4608K, 53% used [0x00000000d5c80000,0x00000000d5eec000,0x00000000d6100000)
  to   space 3584K, 0% used [0x00000000d6180000,0x00000000d6180000,0x00000000d6500000)
 ParOldGen       total 339968K, used 339462K [0x0000000080000000, 0x0000000094c00000, 0x00000000d5580000)
  object space 339968K, 99% used [0x0000000080000000,0x0000000094b819a8,0x0000000094c00000)
 Metaspace       used 114635K, committed 116864K, reserved 1179648K
  class space    used 14888K, committed 15936K, reserved 1048576K
}
Event: 1558.050 GC heap before
{Heap before GC invocations=5163 (full 5):
 PSYoungGen      total 11776K, used 9648K [0x00000000d5580000, 0x00000000d6500000, 0x0000000100000000)
  eden space 7168K, 100% used [0x00000000d5580000,0x00000000d5c80000,0x00000000d5c80000)
  from space 4608K, 53% used [0x00000000d5c80000,0x00000000d5eec000,0x00000000d6100000)
  to   space 3584K, 0% used [0x00000000d6180000,0x00000000d6180000,0x00000000d6500000)
 ParOldGen       total 339968K, used 339462K [0x0000000080000000, 0x0000000094c00000, 0x00000000d5580000)
  object space 339968K, 99% used [0x0000000080000000,0x0000000094b819a8,0x0000000094c00000)
 Metaspace       used 114635K, committed 116864K, reserved 1179648K
  class space    used 14888K, committed 15936K, reserved 1048576K
}
Event: 1558.053 GC heap after
{Heap after GC invocations=5163 (full 5):
 PSYoungGen      total 10752K, used 1779K [0x00000000d5580000, 0x00000000d6380000, 0x0000000100000000)
  eden space 8704K, 0% used [0x00000000d5580000,0x00000000d5580000,0x00000000d5e00000)
  from space 2048K, 86% used [0x00000000d6180000,0x00000000d633ced0,0x00000000d6380000)
  to   space 2560K, 0% used [0x00000000d5e80000,0x00000000d5e80000,0x00000000d6100000)
 ParOldGen       total 341504K, used 341470K [0x0000000080000000, 0x0000000094d80000, 0x00000000d5580000)
  object space 341504K, 99% used [0x0000000080000000,0x0000000094d779a8,0x0000000094d80000)
 Metaspace       used 114635K, committed 116864K, reserved 1179648K
  class space    used 14888K, committed 15936K, reserved 1048576K
}
Event: 1558.083 GC heap before
{Heap before GC invocations=5164 (full 5):
 PSYoungGen      total 10752K, used 10417K [0x00000000d5580000, 0x00000000d6380000, 0x0000000100000000)
  eden space 8704K, 99% used [0x00000000d5580000,0x00000000d5def798,0x00000000d5e00000)
  from space 2048K, 86% used [0x00000000d6180000,0x00000000d633ced0,0x00000000d6380000)
  to   space 2560K, 0% used [0x00000000d5e80000,0x00000000d5e80000,0x00000000d6100000)
 ParOldGen       total 341504K, used 341470K [0x0000000080000000, 0x0000000094d80000, 0x00000000d5580000)
  object space 341504K, 99% used [0x0000000080000000,0x0000000094d779a8,0x0000000094d80000)
 Metaspace       used 114653K, committed 116864K, reserved 1179648K
  class space    used 14888K, committed 15936K, reserved 1048576K
}
Event: 1558.087 GC heap after
{Heap after GC invocations=5164 (full 5):
 PSYoungGen      total 11264K, used 2559K [0x00000000d5580000, 0x00000000d6700000, 0x0000000100000000)
  eden space 8704K, 0% used [0x00000000d5580000,0x00000000d5580000,0x00000000d5e00000)
  from space 2560K, 99% used [0x00000000d5e80000,0x00000000d60ffe48,0x00000000d6100000)
  to   space 4608K, 0% used [0x00000000d6280000,0x00000000d6280000,0x00000000d6700000)
 ParOldGen       total 343040K, used 342674K [0x0000000080000000, 0x0000000094f00000, 0x00000000d5580000)
  object space 343040K, 99% used [0x0000000080000000,0x0000000094ea4878,0x0000000094f00000)
 Metaspace       used 114653K, committed 116864K, reserved 1179648K
  class space    used 14888K, committed 15936K, reserved 1048576K
}
Event: 1558.248 GC heap before
{Heap before GC invocations=5165 (full 5):
 PSYoungGen      total 11264K, used 11212K [0x00000000d5580000, 0x00000000d6700000, 0x0000000100000000)
  eden space 8704K, 99% used [0x00000000d5580000,0x00000000d5df34d8,0x00000000d5e00000)
  from space 2560K, 99% used [0x00000000d5e80000,0x00000000d60ffe48,0x00000000d6100000)
  to   space 4608K, 0% used [0x00000000d6280000,0x00000000d6280000,0x00000000d6700000)
 ParOldGen       total 343040K, used 342674K [0x0000000080000000, 0x0000000094f00000, 0x00000000d5580000)
  object space 343040K, 99% used [0x0000000080000000,0x0000000094ea4878,0x0000000094f00000)
 Metaspace       used 115158K, committed 117376K, reserved 1179648K
  class space    used 14946K, committed 16000K, reserved 1048576K
}
Event: 1558.252 GC heap after
{Heap after GC invocations=5165 (full 5):
 PSYoungGen      total 10240K, used 1424K [0x00000000d5580000, 0x00000000d6400000, 0x0000000100000000)
  eden space 8704K, 0% used [0x00000000d5580000,0x00000000d5580000,0x00000000d5e00000)
  from space 1536K, 92% used [0x00000000d6280000,0x00000000d63e4010,0x00000000d6400000)
  to   space 2560K, 0% used [0x00000000d5f00000,0x00000000d5f00000,0x00000000d6180000)
 ParOldGen       total 345088K, used 344490K [0x0000000080000000, 0x0000000095100000, 0x00000000d5580000)
  object space 345088K, 99% used [0x0000000080000000,0x000000009506a920,0x0000000095100000)
 Metaspace       used 115158K, committed 117376K, reserved 1179648K
  class space    used 14946K, committed 16000K, reserved 1048576K
}
Event: 1558.477 GC heap before
{Heap before GC invocations=5166 (full 5):
 PSYoungGen      total 10240K, used 10128K [0x00000000d5580000, 0x00000000d6400000, 0x0000000100000000)
  eden space 8704K, 100% used [0x00000000d5580000,0x00000000d5e00000,0x00000000d5e00000)
  from space 1536K, 92% used [0x00000000d6280000,0x00000000d63e4010,0x00000000d6400000)
  to   space 2560K, 0% used [0x00000000d5f00000,0x00000000d5f00000,0x00000000d6180000)
 ParOldGen       total 345088K, used 344490K [0x0000000080000000, 0x0000000095100000, 0x00000000d5580000)
  object space 345088K, 99% used [0x0000000080000000,0x000000009506a920,0x0000000095100000)
 Metaspace       used 115768K, committed 117952K, reserved 1179648K
  class space    used 15019K, committed 16064K, reserved 1048576K
}
Event: 1558.479 GC heap after
{Heap after GC invocations=5166 (full 5):
 PSYoungGen      total 11264K, used 448K [0x00000000d5580000, 0x00000000d6300000, 0x0000000100000000)
  eden space 8704K, 0% used [0x00000000d5580000,0x00000000d5580000,0x00000000d5e00000)
  from space 2560K, 17% used [0x00000000d5f00000,0x00000000d5f70020,0x00000000d6180000)
  to   space 1024K, 0% used [0x00000000d6200000,0x00000000d6200000,0x00000000d6300000)
 ParOldGen       total 345600K, used 345450K [0x0000000080000000, 0x0000000095180000, 0x00000000d5580000)
  object space 345600K, 99% used [0x0000000080000000,0x000000009515a920,0x0000000095180000)
 Metaspace       used 115768K, committed 117952K, reserved 1179648K
  class space    used 15019K, committed 16064K, reserved 1048576K
}
Event: 1558.804 GC heap before
{Heap before GC invocations=5167 (full 5):
 PSYoungGen      total 11264K, used 9152K [0x00000000d5580000, 0x00000000d6300000, 0x0000000100000000)
  eden space 8704K, 100% used [0x00000000d5580000,0x00000000d5e00000,0x00000000d5e00000)
  from space 2560K, 17% used [0x00000000d5f00000,0x00000000d5f70020,0x00000000d6180000)
  to   space 1024K, 0% used [0x00000000d6200000,0x00000000d6200000,0x00000000d6300000)
 ParOldGen       total 345600K, used 345450K [0x0000000080000000, 0x0000000095180000, 0x00000000d5580000)
  object space 345600K, 99% used [0x0000000080000000,0x000000009515a920,0x0000000095180000)
 Metaspace       used 115770K, committed 117952K, reserved 1179648K
  class space    used 15019K, committed 16064K, reserved 1048576K
}
Event: 1558.806 GC heap after
{Heap after GC invocations=5167 (full 5):
 PSYoungGen      total 9216K, used 352K [0x00000000d5580000, 0x00000000d6280000, 0x0000000100000000)
  eden space 8704K, 0% used [0x00000000d5580000,0x00000000d5580000,0x00000000d5e00000)
  from space 512K, 68% used [0x00000000d6200000,0x00000000d6258000,0x00000000d6280000)
  to   space 512K, 0% used [0x00000000d6180000,0x00000000d6180000,0x00000000d6200000)
 ParOldGen       total 346112K, used 345730K [0x0000000080000000, 0x0000000095200000, 0x00000000d5580000)
  object space 346112K, 99% used [0x0000000080000000,0x00000000951a0940,0x0000000095200000)
 Metaspace       used 115770K, committed 117952K, reserved 1179648K
  class space    used 15019K, committed 16064K, reserved 1048576K
}
Event: 1558.833 GC heap before
{Heap before GC invocations=5168 (full 5):
 PSYoungGen      total 9216K, used 9055K [0x00000000d5580000, 0x00000000d6280000, 0x0000000100000000)
  eden space 8704K, 99% used [0x00000000d5580000,0x00000000d5dfffc0,0x00000000d5e00000)
  from space 512K, 68% used [0x00000000d6200000,0x00000000d6258000,0x00000000d6280000)
  to   space 512K, 0% used [0x00000000d6180000,0x00000000d6180000,0x00000000d6200000)
 ParOldGen       total 346112K, used 345730K [0x0000000080000000, 0x0000000095200000, 0x00000000d5580000)
  object space 346112K, 99% used [0x0000000080000000,0x00000000951a0940,0x0000000095200000)
 Metaspace       used 115770K, committed 117952K, reserved 1179648K
  class space    used 15019K, committed 16064K, reserved 1048576K
}
Event: 1558.834 GC heap after
{Heap after GC invocations=5168 (full 5):
 PSYoungGen      total 9216K, used 192K [0x00000000d5580000, 0x00000000d6280000, 0x0000000100000000)
  eden space 8704K, 0% used [0x00000000d5580000,0x00000000d5580000,0x00000000d5e00000)
  from space 512K, 37% used [0x00000000d6180000,0x00000000d61b0000,0x00000000d6200000)
  to   space 512K, 0% used [0x00000000d6200000,0x00000000d6200000,0x00000000d6280000)
 ParOldGen       total 346112K, used 345886K [0x0000000080000000, 0x0000000095200000, 0x00000000d5580000)
  object space 346112K, 99% used [0x0000000080000000,0x00000000951c7970,0x0000000095200000)
 Metaspace       used 115770K, committed 117952K, reserved 1179648K
  class space    used 15019K, committed 16064K, reserved 1048576K
}
Event: 1558.895 GC heap before
{Heap before GC invocations=5169 (full 5):
 PSYoungGen      total 9216K, used 8896K [0x00000000d5580000, 0x00000000d6280000, 0x0000000100000000)
  eden space 8704K, 100% used [0x00000000d5580000,0x00000000d5e00000,0x00000000d5e00000)
  from space 512K, 37% used [0x00000000d6180000,0x00000000d61b0000,0x00000000d6200000)
  to   space 512K, 0% used [0x00000000d6200000,0x00000000d6200000,0x00000000d6280000)
 ParOldGen       total 346112K, used 345886K [0x0000000080000000, 0x0000000095200000, 0x00000000d5580000)
  object space 346112K, 99% used [0x0000000080000000,0x00000000951c7970,0x0000000095200000)
 Metaspace       used 115770K, committed 117952K, reserved 1179648K
  class space    used 15019K, committed 16064K, reserved 1048576K
}
Event: 1558.896 GC heap after
{Heap after GC invocations=5169 (full 5):
 PSYoungGen      total 9216K, used 160K [0x00000000d5580000, 0x00000000d6280000, 0x0000000100000000)
  eden space 8704K, 0% used [0x00000000d5580000,0x00000000d5580000,0x00000000d5e00000)
  from space 512K, 31% used [0x00000000d6200000,0x00000000d6228000,0x00000000d6280000)
  to   space 512K, 0% used [0x00000000d6180000,0x00000000d6180000,0x00000000d6200000)
 ParOldGen       total 346112K, used 345942K [0x0000000080000000, 0x0000000095200000, 0x00000000d5580000)
  object space 346112K, 99% used [0x0000000080000000,0x00000000951d5970,0x0000000095200000)
 Metaspace       used 115770K, committed 117952K, reserved 1179648K
  class space    used 15019K, committed 16064K, reserved 1048576K
}
Event: 1558.991 GC heap before
{Heap before GC invocations=5170 (full 5):
 PSYoungGen      total 9216K, used 8864K [0x00000000d5580000, 0x00000000d6280000, 0x0000000100000000)
  eden space 8704K, 100% used [0x00000000d5580000,0x00000000d5e00000,0x00000000d5e00000)
  from space 512K, 31% used [0x00000000d6200000,0x00000000d6228000,0x00000000d6280000)
  to   space 512K, 0% used [0x00000000d6180000,0x00000000d6180000,0x00000000d6200000)
 ParOldGen       total 346112K, used 345942K [0x0000000080000000, 0x0000000095200000, 0x00000000d5580000)
  object space 346112K, 99% used [0x0000000080000000,0x00000000951d5970,0x0000000095200000)
 Metaspace       used 115770K, committed 117952K, reserved 1179648K
  class space    used 15019K, committed 16064K, reserved 1048576K
}
Event: 1558.992 GC heap after
{Heap after GC invocations=5170 (full 5):
 PSYoungGen      total 9216K, used 160K [0x00000000d5580000, 0x00000000d6280000, 0x0000000100000000)
  eden space 8704K, 0% used [0x00000000d5580000,0x00000000d5580000,0x00000000d5e00000)
  from space 512K, 31% used [0x00000000d6180000,0x00000000d61a8000,0x00000000d6200000)
  to   space 512K, 0% used [0x00000000d6200000,0x00000000d6200000,0x00000000d6280000)
 ParOldGen       total 346112K, used 345950K [0x0000000080000000, 0x0000000095200000, 0x00000000d5580000)
  object space 346112K, 99% used [0x0000000080000000,0x00000000951d7970,0x0000000095200000)
 Metaspace       used 115770K, committed 117952K, reserved 1179648K
  class space    used 15019K, committed 16064K, reserved 1048576K
}

